<?xml version="1.0" encoding="UTF-8"?>
<!-- Generated by org.testng.reporters.JUnitReportReporter -->
<testsuite hostname="DESKTOP-QMM3709" failures="0" tests="4" name="test.SwagLabLoginTest" time="29.038" errors="0" timestamp="2024-08-28T22:50:12 IST" skipped="0">
  <testcase classname="test.SwagLabLoginTest" name="standardUser" time="7.539"/>
  <testcase classname="test.SwagLabLoginTest" name="problem" time="8.619"/>
  <testcase classname="test.SwagLabLoginTest" name="Clocked" time="3.743"/>
  <testcase classname="test.SwagLabLoginTest" name="performance" time="9.137"/>
</testsuite> <!-- test.SwagLabLoginTest -->
